<?xml version="1.0" encoding="UTF-8"?>
<testsuite xmlns:xsi="http://www.w3.org/2001/XMLSchema-instance" xsi:noNamespaceSchemaLocation="https://maven.apache.org/surefire/maven-surefire-plugin/xsd/surefire-test-report-3.0.xsd" version="3.0" name="com.localbrand.service.impl.RatingEngineImplTest" time="0.955" tests="6" errors="0" skipped="0" failures="0">
  <properties>
[...]
</properties>
  <testcase name="testRateCDR_usageExceedingFreeUnits" classname="com.localbrand.service.impl.RatingEngineImplTest" time="0.842"/>
  <testcase name="testRateCDR_noMatchingServiceInPackage" classname="com.localbrand.service.impl.RatingEngineImplTest" time="0.01"/>
  <testcase name="testUpdateFreeUnits" classname="com.localbrand.service.impl.RatingEngineImplTest" time="0.012"/>
  <testcase name="testRateCDR_usageWithinFreeUnits" classname="com.localbrand.service.impl.RatingEngineImplTest" time="0.009"/>
  <testcase name="testRateCDR_withExternalCharges" classname="com.localbrand.service.impl.RatingEngineImplTest" time="0.007"/>
  <testcase name="testRateCDR_noActiveSubscription" classname="com.localbrand.service.impl.RatingEngineImplTest" time="0.004"/>
</testsuite>